LvJianCaiFu/build/outputs/logs/manifest-merger-debug-report.txt
-- Merging decision tree log ---
manifest
ADDED from src\main\AndroidManifest.xml:2:1-305:12
	xmlns:android
		ADDED from src\main\AndroidManifest.xml:2:11-69
	package
		ADDED from src\main\AndroidManifest.xml:3:5-49
		INJECTED from src\main\AndroidManifest.xml
		INJECTED from src\main\AndroidManifest.xml
	android:versionName
		ADDED from src\main\AndroidManifest.xml:5:5-30
		INJECTED from src\main\AndroidManifest.xml
		INJECTED from src\main\AndroidManifest.xml
	android:versionCode
		ADDED from src\main\AndroidManifest.xml:4:5-28
		INJECTED from src\main\AndroidManifest.xml
		INJECTED from src\main\AndroidManifest.xml
uses-sdk
ADDED from src\main\AndroidManifest.xml:7:5-9:41
MERGED from [LvJianCaiFu:library:unspecified] AndroidManifest.xml:7:5-9:40
MERGED from [LvJianCaiFu:xutillibrary:unspecified] AndroidManifest.xml:7:5-9:41
MERGED from [LvJianCaiFu:viewpagerIndicator_library:unspecified] AndroidManifest.xml:7:5-9:41
MERGED from [LvJianCaiFu:slidingmenu:unspecified] AndroidManifest.xml:7:5-9:41
MERGED from [com.lzy.net:okgo:2.1.4] AndroidManifest.xml:7:5-9:41
MERGED from [LvJianCaiFu:banner:1.4.5] AndroidManifest.xml:7:5-9:41
	android:targetSdkVersion
		ADDED from src\main\AndroidManifest.xml:9:9-38
		INJECTED from src\main\AndroidManifest.xml
		INJECTED from src\main\AndroidManifest.xml
	android:minSdkVersion
		ADDED from src\main\AndroidManifest.xml:8:9-35
		INJECTED from src\main\AndroidManifest.xml
		INJECTED from src\main\AndroidManifest.xml
uses-permission#android.permission.VIBRATE
ADDED from src\main\AndroidManifest.xml:11:5-66
	android:name
		ADDED from src\main\AndroidManifest.xml:11:22-63
uses-permission#android.permission.CALL_PHONE
ADDED from src\main\AndroidManifest.xml:12:5-69
	android:name
		ADDED from src\main\AndroidManifest.xml:12:22-66
uses-permission#android.permission.INTERNET
ADDED from src\main\AndroidManifest.xml:13:5-67
MERGED from [com.lzy.net:okgo:2.1.4] AndroidManifest.xml:11:5-67
	android:name
		ADDED from src\main\AndroidManifest.xml:13:22-64
uses-permission#android.permission.ACCESS_WIFI_STATE
ADDED from src\main\AndroidManifest.xml:14:5-76
	android:name
		ADDED from src\main\AndroidManifest.xml:14:22-73
uses-permission#android.permission.ACCESS_NETWORK_STATE
ADDED from src\main\AndroidManifest.xml:15:5-79
	android:name
		ADDED from src\main\AndroidManifest.xml:15:22-76
uses-permission#android.permission.MANAGE_ACCOUNTS
ADDED from src\main\AndroidManifest.xml:16:5-74
	android:name
		ADDED from src\main\AndroidManifest.xml:16:22-71
uses-permission#android.permission.CAMERA
ADDED from src\main\AndroidManifest.xml:19:5-65
	android:name
		ADDED from src\main\AndroidManifest.xml:19:22-62
uses-permission#android.permission.READ_EXTERNAL_STORAGE
ADDED from src\main\AndroidManifest.xml:20:5-80
MERGED from [com.lzy.net:okgo:2.1.4] AndroidManifest.xml:12:5-80
	android:name
		ADDED from src\main\AndroidManifest.xml:20:22-77
uses-permission#android.permission.GET_TASKS
ADDED from src\main\AndroidManifest.xml:22:5-68
	android:name
		ADDED from src\main\AndroidManifest.xml:22:22-65
uses-permission#android.permission.CHANGE_WIFI_STATE
ADDED from src\main\AndroidManifest.xml:23:5-76
	android:name
		ADDED from src\main\AndroidManifest.xml:23:22-73
uses-permission#android.permission.WRITE_EXTERNAL_STORAGE
ADDED from src\main\AndroidManifest.xml:24:5-81
MERGED from [com.lzy.net:okgo:2.1.4] AndroidManifest.xml:13:5-81
	android:name
		ADDED from src\main\AndroidManifest.xml:24:22-78
uses-permission#android.permission.READ_PHONE_STATE
ADDED from src\main\AndroidManifest.xml:25:5-75
	android:name
		ADDED from src\main\AndroidManifest.xml:25:22-72
uses-permission#android.permission.GET_ACCOUNTS
ADDED from src\main\AndroidManifest.xml:27:5-70
	android:name
		ADDED from src\main\AndroidManifest.xml:27:22-68
application
ADDED from src\main\AndroidManifest.xml:30:5-303:19
MERGED from [LvJianCaiFu:library:unspecified] AndroidManifest.xml:11:5-20
MERGED from [LvJianCaiFu:xutillibrary:unspecified] AndroidManifest.xml:11:5-20
	android:label
		ADDED from src\main\AndroidManifest.xml:35:9-41
	android:allowBackup
		ADDED from src\main\AndroidManifest.xml:32:9-35
	android:icon
		ADDED from src\main\AndroidManifest.xml:34:9-38
	android:theme
		ADDED from src\main\AndroidManifest.xml:37:9-40
	android:hardwareAccelerated
		ADDED from src\main\AndroidManifest.xml:33:9-43
	android:largeHeap
		ADDED from src\main\AndroidManifest.xml:36:9-33
	android:name
		ADDED from src\main\AndroidManifest.xml:31:9-67
activity#com.ryan.slidefragment.generaldemo.MainActivity
ADDED from src\main\AndroidManifest.xml:38:9-43:20
	android:screenOrientation
		ADDED from src\main\AndroidManifest.xml:41:13-49
	android:label
		ADDED from src\main\AndroidManifest.xml:40:13-45
	android:theme
		ADDED from src\main\AndroidManifest.xml:42:13-52
	android:name
		ADDED from src\main\AndroidManifest.xml:39:13-41
activity#com.ryan.slidefragment.generaldemo.ActivityLogin
ADDED from src\main\AndroidManifest.xml:44:9-47:20
	android:screenOrientation
		ADDED from src\main\AndroidManifest.xml:46:13-49
	android:name
		ADDED from src\main\AndroidManifest.xml:45:13-42
activity#com.ryan.slidefragment.generaldemo.MengYuanJiBieActivity
ADDED from src\main\AndroidManifest.xml:48:9-51:20
	android:screenOrientation
		ADDED from src\main\AndroidManifest.xml:50:13-49
	android:name
		ADDED from src\main\AndroidManifest.xml:49:13-50
activity#com.ryan.slidefragment.generaldemo.ActivityCode
ADDED from src\main\AndroidManifest.xml:52:9-55:20
	android:screenOrientation
		ADDED from src\main\AndroidManifest.xml:54:13-49
	android:name
		ADDED from src\main\AndroidManifest.xml:53:13-41
activity#com.ryan.slidefragment.generaldemo.ActivityRegistered
ADDED from src\main\AndroidManifest.xml:56:9-59:20
	android:screenOrientation
		ADDED from src\main\AndroidManifest.xml:58:13-49
	android:name
		ADDED from src\main\AndroidManifest.xml:57:13-47
activity#com.ryan.slidefragment.generaldemo.JiaRuLianMengActivity
ADDED from src\main\AndroidManifest.xml:60:9-63:20
	android:screenOrientation
		ADDED from src\main\AndroidManifest.xml:62:13-49
	android:name
		ADDED from src\main\AndroidManifest.xml:61:13-50
activity#com.ryan.slidefragment.TechnologyFragment
ADDED from src\main\AndroidManifest.xml:64:9-67:20
	android:screenOrientation
		ADDED from src\main\AndroidManifest.xml:66:13-49
	android:name
		ADDED from src\main\AndroidManifest.xml:65:13-69
activity#com.ryan.slidefragment.generaldemo.ShenQingActivity
ADDED from src\main\AndroidManifest.xml:68:9-71:20
	android:screenOrientation
		ADDED from src\main\AndroidManifest.xml:70:13-49
	android:name
		ADDED from src\main\AndroidManifest.xml:69:13-45
activity#com.ryan.slidefragment.generaldemo.AboutActivity
ADDED from src\main\AndroidManifest.xml:72:9-75:20
	android:screenOrientation
		ADDED from src\main\AndroidManifest.xml:74:13-49
	android:name
		ADDED from src\main\AndroidManifest.xml:73:13-42
activity#com.ryan.slidefragment.generaldemo.ActivityZhaoBiao
ADDED from src\main\AndroidManifest.xml:76:9-79:20
	android:screenOrientation
		ADDED from src\main\AndroidManifest.xml:78:13-49
	android:name
		ADDED from src\main\AndroidManifest.xml:77:13-45
activity#com.ryan.slidefragment.generaldemo.Gongsi_Chanpin_ListActivity
ADDED from src\main\AndroidManifest.xml:80:9-83:20
	android:screenOrientation
		ADDED from src\main\AndroidManifest.xml:82:13-49
	android:name
		ADDED from src\main\AndroidManifest.xml:81:13-56
activity#com.ryan.slidefragment.generaldemo.ActivityForget
ADDED from src\main\AndroidManifest.xml:84:9-87:20
	android:screenOrientation
		ADDED from src\main\AndroidManifest.xml:86:13-49
	android:name
		ADDED from src\main\AndroidManifest.xml:85:13-43
activity#com.ryan.slidefragment.generaldemo.ActivityFuWu_zhanlanhui_Dialog
ADDED from src\main\AndroidManifest.xml:88:9-91:20
	android:screenOrientation
		ADDED from src\main\AndroidManifest.xml:90:13-49
	android:name
		ADDED from src\main\AndroidManifest.xml:89:13-59
activity#com.ryan.slidefragment.generaldemo.ChengGongAnLiActivity
ADDED from src\main\AndroidManifest.xml:92:9-95:20
	android:screenOrientation
		ADDED from src\main\AndroidManifest.xml:94:13-49
	android:name
		ADDED from src\main\AndroidManifest.xml:93:13-50
activity#com.ryan.slidefragment.generaldemo.CGAL_xinwenxiangqingActivity
ADDED from src\main\AndroidManifest.xml:96:9-99:20
	android:screenOrientation
		ADDED from src\main\AndroidManifest.xml:98:13-49
	android:name
		ADDED from src\main\AndroidManifest.xml:97:13-57
activity#com.ryan.slidefragment.generaldemo.JiShuZhanShiActivity
ADDED from src\main\AndroidManifest.xml:100:9-103:20
	android:screenOrientation
		ADDED from src\main\AndroidManifest.xml:102:13-49
	android:name
		ADDED from src\main\AndroidManifest.xml:101:13-49
activity#com.ryan.slidefragment.generaldemo.HangYeZiXunActivity
ADDED from src\main\AndroidManifest.xml:104:9-107:20
	android:screenOrientation
		ADDED from src\main\AndroidManifest.xml:106:13-49
	android:name
		ADDED from src\main\AndroidManifest.xml:105:13-48
activity#com.ryan.slidefragment.generaldemo.TongZhiGongGaoActivity
ADDED from src\main\AndroidManifest.xml:108:9-111:20
	android:screenOrientation
		ADDED from src\main\AndroidManifest.xml:110:13-49
	android:name
		ADDED from src\main\AndroidManifest.xml:109:13-51
activity#com.ryan.slidefragment.generaldemo.ZhengCiActivity
ADDED from src\main\AndroidManifest.xml:112:9-115:20
	android:screenOrientation
		ADDED from src\main\AndroidManifest.xml:114:13-49
	android:name
		ADDED from src\main\AndroidManifest.xml:113:13-44
activity#com.ryan.slidefragment.generaldemo.ActivityFuWu_hangyehuiyuan_Dialog
ADDED from src\main\AndroidManifest.xml:116:9-119:20
	android:screenOrientation
		ADDED from src\main\AndroidManifest.xml:118:13-49
	android:name
		ADDED from src\main\AndroidManifest.xml:117:13-62
activity#com.ryan.slidefragment.generaldemo.Jiarulianemeng
ADDED from src\main\AndroidManifest.xml:120:9-123:20
	android:screenOrientation
		ADDED from src\main\AndroidManifest.xml:122:13-49
	android:name
		ADDED from src\main\AndroidManifest.xml:121:13-43
activity#com.ryan.slidefragment.generaldemo.BabyActivity
ADDED from src\main\AndroidManifest.xml:124:9-127:20
	android:screenOrientation
		ADDED from src\main\AndroidManifest.xml:126:13-49
	android:name
		ADDED from src\main\AndroidManifest.xml:125:13-41
activity#com.ryan.slidefragment.generaldemo.BabyActivity_1
ADDED from src\main\AndroidManifest.xml:128:9-131:20
	android:screenOrientation
		ADDED from src\main\AndroidManifest.xml:130:13-49
	android:name
		ADDED from src\main\AndroidManifest.xml:129:13-43
activity#com.ryan.slidefragment.generaldemo.Lvsecaifuxieyi
ADDED from src\main\AndroidManifest.xml:132:9-135:20
	android:screenOrientation
		ADDED from src\main\AndroidManifest.xml:134:13-49
	android:name
		ADDED from src\main\AndroidManifest.xml:133:13-43
activity#com.ryan.slidefragment.generaldemo.YiJianFanKui
ADDED from src\main\AndroidManifest.xml:136:9-139:20
	android:screenOrientation
		ADDED from src\main\AndroidManifest.xml:138:13-49
	android:name
		ADDED from src\main\AndroidManifest.xml:137:13-41
activity#com.ryan.slidefragment.view.ShowBigPictrue
ADDED from src\main\AndroidManifest.xml:140:9-143:20
	android:screenOrientation
		ADDED from src\main\AndroidManifest.xml:142:13-49
	android:name
		ADDED from src\main\AndroidManifest.xml:141:13-70
activity#com.ryan.slidefragment.generaldemo.ErWeiMaActivity
ADDED from src\main\AndroidManifest.xml:144:9-147:20
	android:screenOrientation
		ADDED from src\main\AndroidManifest.xml:146:13-49
	android:name
		ADDED from src\main\AndroidManifest.xml:145:13-44
activity#com.ryan.slidefragment.generaldemo.ActivityHuanYingYe
ADDED from src\main\AndroidManifest.xml:148:9-156:20
	android:screenOrientation
		ADDED from src\main\AndroidManifest.xml:150:13-49
	android:name
		ADDED from src\main\AndroidManifest.xml:149:13-47
intent-filter#android.intent.action.MAIN+android.intent.category.LAUNCHER
ADDED from src\main\AndroidManifest.xml:151:13-155:29
action#android.intent.action.MAIN
ADDED from src\main\AndroidManifest.xml:152:17-69
	android:name
		ADDED from src\main\AndroidManifest.xml:152:25-66
category#android.intent.category.LAUNCHER
ADDED from src\main\AndroidManifest.xml:154:17-77
	android:name
		ADDED from src\main\AndroidManifest.xml:154:27-74
activity#com.ryan.slidefragment.generaldemo.ActivityYinDaoYe
ADDED from src\main\AndroidManifest.xml:157:9-160:20
	android:screenOrientation
		ADDED from src\main\AndroidManifest.xml:159:13-49
	android:name
		ADDED from src\main\AndroidManifest.xml:158:13-45
activity#com.ryan.slidefragment.generaldemo.ListViewChanPin
ADDED from src\main\AndroidManifest.xml:161:9-164:20
	android:screenOrientation
		ADDED from src\main\AndroidManifest.xml:163:13-49
	android:name
		ADDED from src\main\AndroidManifest.xml:162:13-44
activity#com.ryan.slidefragment.generaldemo.ListViewLianMengXinWen
ADDED from src\main\AndroidManifest.xml:165:9-168:20
	android:screenOrientation
		ADDED from src\main\AndroidManifest.xml:167:13-49
	android:name
		ADDED from src\main\AndroidManifest.xml:166:13-51
activity#com.ryan.slidefragment.generaldemo.ActivityItem
ADDED from src\main\AndroidManifest.xml:169:9-172:20
	android:screenOrientation
		ADDED from src\main\AndroidManifest.xml:171:13-49
	android:name
		ADDED from src\main\AndroidManifest.xml:170:13-41
activity#com.ryan.slidefragment.generaldemo.CollectionActivity
ADDED from src\main\AndroidManifest.xml:173:9-176:20
	android:screenOrientation
		ADDED from src\main\AndroidManifest.xml:175:13-49
	android:name
		ADDED from src\main\AndroidManifest.xml:174:13-47
activity#com.ryan.slidefragment.generaldemo.GongSiActivity
ADDED from src\main\AndroidManifest.xml:177:9-180:20
	android:label
		ADDED from src\main\AndroidManifest.xml:179:13-59
	android:name
		ADDED from src\main\AndroidManifest.xml:178:13-43
activity#com.ryan.slidefragment.generaldemo.DePoCaiJiActivity
ADDED from src\main\AndroidManifest.xml:181:9-185:20
	android:windowSoftInputMode
		ADDED from src\main\AndroidManifest.xml:184:13-54
	android:label
		ADDED from src\main\AndroidManifest.xml:183:13-64
	android:name
		ADDED from src\main\AndroidManifest.xml:182:13-46
activity#com.ryan.slidefragment.generaldemo.MengYuanXiangQing_DialogActivity
ADDED from src\main\AndroidManifest.xml:186:9-189:20
	android:label
		ADDED from src\main\AndroidManifest.xml:188:13-80
	android:name
		ADDED from src\main\AndroidManifest.xml:187:13-61
activity#com.ryan.slidefragment.generaldemo.JiangRuLiangMengXieYiActivity
ADDED from src\main\AndroidManifest.xml:190:9-193:20
	android:label
		ADDED from src\main\AndroidManifest.xml:192:13-78
	android:name
		ADDED from src\main\AndroidManifest.xml:191:13-58
activity#com.ryan.slidefragment.generaldemo.LimengxinwengengduozhengwenActivity
ADDED from src\main\AndroidManifest.xml:194:9-197:20
	android:label
		ADDED from src\main\AndroidManifest.xml:196:13-79
	android:name
		ADDED from src\main\AndroidManifest.xml:195:13-64
activity#com.ryan.slidefragment.generaldemo.JishuzhanshixiangqingActivity
ADDED from src\main\AndroidManifest.xml:198:9-201:20
	android:label
		ADDED from src\main\AndroidManifest.xml:200:13-73
	android:name
		ADDED from src\main\AndroidManifest.xml:199:13-58
activity#com.ryan.slidefragment.generaldemo.ChenggonganlixiangqingActivity
ADDED from src\main\AndroidManifest.xml:202:9-205:20
	android:label
		ADDED from src\main\AndroidManifest.xml:204:13-74
	android:name
		ADDED from src\main\AndroidManifest.xml:203:13-59
activity#com.ryan.slidefragment.generaldemo.HangyezhengceActivity
ADDED from src\main\AndroidManifest.xml:206:9-209:20
	android:label
		ADDED from src\main\AndroidManifest.xml:208:13-65
	android:name
		ADDED from src\main\AndroidManifest.xml:207:13-50
activity#com.ryan.slidefragment.generaldemo.LianmengzhengceActivity
ADDED from src\main\AndroidManifest.xml:210:9-213:20
	android:label
		ADDED from src\main\AndroidManifest.xml:212:13-67
	android:name
		ADDED from src\main\AndroidManifest.xml:211:13-52
activity#com.ryan.slidefragment.generaldemo.DifangzhengceActivity
ADDED from src\main\AndroidManifest.xml:214:9-217:20
	android:label
		ADDED from src\main\AndroidManifest.xml:216:13-65
	android:name
		ADDED from src\main\AndroidManifest.xml:215:13-50
activity#com.ryan.slidefragment.generaldemo.ZhengcexiangqingActivity
ADDED from src\main\AndroidManifest.xml:218:9-221:20
	android:label
		ADDED from src\main\AndroidManifest.xml:220:13-74
	android:name
		ADDED from src\main\AndroidManifest.xml:219:13-53
activity#com.ryan.slidefragment.generaldemo.FuwuQianSanActivity
ADDED from src\main\AndroidManifest.xml:222:9-225:20
	android:label
		ADDED from src\main\AndroidManifest.xml:224:13-65
	android:name
		ADDED from src\main\AndroidManifest.xml:223:13-48
activity#com.ryan.slidefragment.generaldemo.GongsijianjieActivity
ADDED from src\main\AndroidManifest.xml:226:9-229:20
	android:label
		ADDED from src\main\AndroidManifest.xml:228:13-65
	android:name
		ADDED from src\main\AndroidManifest.xml:227:13-50
activity#com.ryan.slidefragment.generaldemo.QuanBuChanPinActivity
ADDED from src\main\AndroidManifest.xml:230:9-231:20
	android:name
		ADDED from src\main\AndroidManifest.xml:230:19-56
activity#com.ryan.slidefragment.generaldemo.ActivityChanPinListView
ADDED from src\main\AndroidManifest.xml:232:9-233:20
	android:name
		ADDED from src\main\AndroidManifest.xml:232:19-58
activity#com.ryan.slidefragment.generaldemo.PingtaiActivity
ADDED from src\main\AndroidManifest.xml:234:9-237:20
	android:label
		ADDED from src\main\AndroidManifest.xml:236:13-63
	android:name
		ADDED from src\main\AndroidManifest.xml:235:13-44
activity#com.ryan.slidefragment.tourongzi.activity.qiyezhongxin.QiyeActivity
ADDED from src\main\AndroidManifest.xml:238:9-241:20
	android:label
		ADDED from src\main\AndroidManifest.xml:240:13-63
	android:name
		ADDED from src\main\AndroidManifest.xml:239:13-95
activity#com.ryan.slidefragment.tourongzi.activity.jurenmai.JurenmaiActivity
ADDED from src\main\AndroidManifest.xml:242:9-245:20
	android:label
		ADDED from src\main\AndroidManifest.xml:244:13-63
	android:name
		ADDED from src\main\AndroidManifest.xml:243:13-95
activity#com.ryan.slidefragment.tourongzi.TouRongZiActivity
ADDED from src\main\AndroidManifest.xml:246:9-249:20
	android:label
		ADDED from src\main\AndroidManifest.xml:248:13-63
	android:name
		ADDED from src\main\AndroidManifest.xml:247:13-78
activity#com.ryan.slidefragment.tourongzi.activity.zhaozijin.ZhaoZijin_GuQuanTouZi_Activity
ADDED from src\main\AndroidManifest.xml:250:9-253:20
	android:label
		ADDED from src\main\AndroidManifest.xml:252:13-59
	android:name
		ADDED from src\main\AndroidManifest.xml:251:13-110
activity#com.ryan.slidefragment.tourongzi.activity.zhaoxiangmu.canguhezuo.CanGuHeZuoActivity
ADDED from src\main\AndroidManifest.xml:254:9-255:20
	android:name
		ADDED from src\main\AndroidManifest.xml:254:19-117
activity#com.ryan.slidefragment.tourongzi.activity.zhaoxiangmu.xiangmurongzi.XiangMuRongZiActivity
ADDED from src\main\AndroidManifest.xml:256:9-257:20
	android:name
		ADDED from src\main\AndroidManifest.xml:256:19-123
activity#com.ryan.slidefragment.tourongzi.activity.zhaoxiangmu.xiangmurongzi.XiangMuRongZiActivity_ShaiXuan
ADDED from src\main\AndroidManifest.xml:258:9-259:20
	android:name
		ADDED from src\main\AndroidManifest.xml:258:19-132
activity#com.ryan.slidefragment.tourongzi.activity.zhaoxiangmu.shougou.ShouGouActivity
ADDED from src\main\AndroidManifest.xml:260:9-261:20
	android:name
		ADDED from src\main\AndroidManifest.xml:260:19-111
activity#com.ryan.slidefragment.tourongzi.activity.zhaoxiangmu.ZhaoXiangMu_xiangqing
ADDED from src\main\AndroidManifest.xml:262:9-263:20
	android:name
		ADDED from src\main\AndroidManifest.xml:262:19-109
activity#com.ryan.slidefragment.tourongzi.activity.zhaoxiangmu.qitahezuo.QiTaHeZuoActivity
ADDED from src\main\AndroidManifest.xml:264:9-265:20
	android:name
		ADDED from src\main\AndroidManifest.xml:264:19-115
activity#com.ryan.slidefragment.tourongzi.activity.zhaozijin.ZhaozijinActivity
ADDED from src\main\AndroidManifest.xml:266:9-269:20
	android:label
		ADDED from src\main\AndroidManifest.xml:268:13-61
	android:name
		ADDED from src\main\AndroidManifest.xml:267:13-97
activity#com.ryan.slidefragment.tourongzi.activity.zhaoxiangmu.ZhaoxiangmuActivity
ADDED from src\main\AndroidManifest.xml:270:9-273:20
	android:label
		ADDED from src\main\AndroidManifest.xml:272:13-63
	android:name
		ADDED from src\main\AndroidManifest.xml:271:13-101
activity#com.ryan.slidefragment.tourongzi.activity.chenggonganli.CengGongAnLiActivity_Tou
ADDED from src\main\AndroidManifest.xml:274:9-277:20
	android:label
		ADDED from src\main\AndroidManifest.xml:276:13-67
	android:name
		ADDED from src\main\AndroidManifest.xml:275:13-108
activity#com.ryan.slidefragment.tourongzi.activity.chenggonganli.ChenggonganliActivity_XiangQing
ADDED from src\main\AndroidManifest.xml:278:9-281:20
	android:label
		ADDED from src\main\AndroidManifest.xml:280:13-86
	android:name
		ADDED from src\main\AndroidManifest.xml:279:13-115
activity#com.ryan.slidefragment.tourongzi.activity.qiyezhongxin.ZiliaoxinxiActivity
ADDED from src\main\AndroidManifest.xml:282:9-285:20
	android:label
		ADDED from src\main\AndroidManifest.xml:284:13-63
	android:name
		ADDED from src\main\AndroidManifest.xml:283:13-102
activity#com.ryan.slidefragment.tourongzi.activity.qiyezhongxin.FachutoudiActivity
ADDED from src\main\AndroidManifest.xml:286:9-289:20
	android:label
		ADDED from src\main\AndroidManifest.xml:288:13-62
	android:name
		ADDED from src\main\AndroidManifest.xml:287:13-101
activity#com.ryan.slidefragment.tourongzi.activity.jurenmai.JuRenMaiXiangQing_Activity
ADDED from src\main\AndroidManifest.xml:290:9-293:20
	android:label
		ADDED from src\main\AndroidManifest.xml:292:13-74
	android:name
		ADDED from src\main\AndroidManifest.xml:291:13-105
activity#com.ryan.slidefragment.tourongzi.WebActivity
ADDED from src\main\AndroidManifest.xml:294:9-297:20
	android:label
		ADDED from src\main\AndroidManifest.xml:296:13-55
	android:name
		ADDED from src\main\AndroidManifest.xml:295:13-72
meta-data#UMENG_APPKEY
ADDED from src\main\AndroidManifest.xml:299:9-302:21
	android:name
		ADDED from src\main\AndroidManifest.xml:300:13-40
	android:value
		ADDED from src\main\AndroidManifest.xml:301:13-53
uses-permission#android.permission.MOUNT_UNMOUNT_FILESYSTEMS
ADDED from [com.lzy.net:okgo:2.1.4] AndroidManifest.xml:14:5-84
	android:name
		ADDED from [com.lzy.net:okgo:2.1.4] AndroidManifest.xml:14:22-81